<?xml version="1.0" encoding="UTF-8"?>
<!-- Generated by org.testng.reporters.JUnitXMLReporter -->
<testsuite ignored="3" hostname="DESKTOP-FRVIS0F" failures="0" tests="55" name="dashboard " time="7.49" errors="0" timestamp="2024-09-03T17:50:47 IST">
  <testcase classname="test.DashboardTest" name="setlogin" time="3.439"/>
  <testcase classname="test.DashboardTest" name="checkUrl" time="0.025"/>
  <testcase classname="test.DashboardTest" name="visiblelogo" time="0.048"/>
  <testcase classname="test.DashboardTest" name="clickONLogo" time="0.088"/>
  <testcase classname="test.DashboardTest" name="checkMenuVisible" time="0.078"/>
  <testcase classname="test.DashboardTest" name="checkkMenuEnable" time="0.033"/>
  <testcase classname="test.DashboardTest" name="clickOnMenu" time="0.186"/>
  <testcase classname="test.DashboardTest" name="categotyBoxVisible" time="0.056"/>
  <testcase classname="test.DashboardTest" name="categoryBoxEna" time="0.043"/>
  <testcase classname="test.DashboardTest" name="logoutImgVisible" time="0.158"/>
  <testcase classname="test.DashboardTest" name="logoutimgEnabled" time="0.044"/>
  <testcase classname="test.DashboardTest" name="annblogTxtinScreen" time="0.053"/>
  <testcase classname="test.DashboardTest" name="manblogTxtinScreen" time="0.033"/>
  <testcase classname="test.DashboardTest" name="faqbloginTxtScreen" time="0.032"/>
  <testcase classname="test.DashboardTest" name="rombloginTxtScreen" time="0.033"/>
  <testcase classname="test.DashboardTest" name="annImageMatch" time="0.035"/>
  <testcase classname="test.DashboardTest" name="romImageMatch" time="0.042"/>
  <testcase classname="test.DashboardTest" name="faqImageMatch" time="0.045"/>
  <testcase classname="test.DashboardTest" name="checkLogoutImg" time="0.032"/>
  <testcase classname="test.DashboardTest" name="checkHeading" time="0.049"/>
  <testcase classname="test.DashboardTest" name="footerTxtVisible" time="0.037"/>
  <testcase classname="test.DashboardTest" name="dasSideNavTxtMatch" time="0.194"/>
  <testcase classname="test.DashboardTest" name="annSideNavTxtMatch" time="0.084"/>
  <testcase classname="test.DashboardTest" name="pollSideNavTxtMatch" time="0.048"/>
  <testcase classname="test.DashboardTest" name="romSideNavTxtMatch" time="0.056"/>
  <testcase classname="test.DashboardTest" name="faqcSideNavTxtMatch" time="0.06"/>
  <testcase classname="test.DashboardTest" name="faqSideNavTxtMatch" time="0.035"/>
  <testcase classname="test.DashboardTest" name="supcSideNavTxtMatch" time="0.035"/>
  <testcase classname="test.DashboardTest" name="supSideNavTxtMatch" time="0.03"/>
  <testcase classname="test.DashboardTest" name="mancSideNavTxtMatch" time="0.038"/>
  <testcase classname="test.DashboardTest" name="manrSideNavTxtMatch" time="0.035"/>
  <testcase classname="test.DashboardTest" name="shortSideNavTxtMatch" time="0.039"/>
  <testcase classname="test.DashboardTest" name="dasUrlCheck" time="0.011"/>
  <testcase classname="test.DashboardTest" name="annUrlCheck" time="0.111"/>
  <testcase classname="test.DashboardTest" name="pollUrlCheck" time="0.154"/>
  <testcase classname="test.DashboardTest" name="romcUrlCheck" time="0.118"/>
  <testcase classname="test.DashboardTest" name="faqcUrlCheck" time="0.12"/>
  <testcase classname="test.DashboardTest" name="faqUrlCheck" time="0.113"/>
  <testcase classname="test.DashboardTest" name="supcUrlCheck" time="0.12"/>
  <testcase classname="test.DashboardTest" name="supUrlCheck" time="0.108"/>
  <testcase classname="test.DashboardTest" name="mancUrlCheck" time="0.127"/>
  <testcase classname="test.DashboardTest" name="manrUrlCheck" time="0.114"/>
  <testcase classname="test.DashboardTest" name="autoUrlCheck" time="0.112"/>
  <testcase classname="test.DashboardTest" name="dasIconCheck" time="0.058"/>
  <testcase classname="test.DashboardTest" name="annIconCheck" time="0.056"/>
  <testcase classname="test.DashboardTest" name="pollIconCheck" time="0.046"/>
  <testcase classname="test.DashboardTest" name="romcIconCheck" time="0.052"/>
  <testcase classname="test.DashboardTest" name="faqcIconCheck" time="0.05"/>
  <testcase classname="test.DashboardTest" name="faqIconCheck" time="0.05"/>
  <testcase classname="test.DashboardTest" name="supcIconCheck" time="0.055"/>
  <testcase classname="test.DashboardTest" name="supIconCheck" time="0.06"/>
  <testcase classname="test.DashboardTest" name="mancIconCheck" time="0.056"/>
  <testcase classname="test.DashboardTest" name="manIconCheck" time="0.06"/>
  <testcase classname="test.DashboardTest" name="autorIconCheck" time="0.053"/>
  <testcase classname="test.DashboardTest" name="Logout" time="0.249"/>
  <testcase classname="test.DashboardTest" name="checktheCount" time="0.0">
    <ignored/>
  </testcase> <!-- checktheCount -->
  <testcase classname="test.DashboardTest" name="goLivePannel" time="0.0">
    <ignored/>
  </testcase> <!-- goLivePannel -->
  <testcase classname="test.DashboardTest" name="changePannel" time="0.0">
    <ignored/>
  </testcase> <!-- changePannel -->
</testsuite> <!-- dashboard  -->
