<?xml version="1.0" encoding="UTF-8"?>
<!-- Generated by org.testng.reporters.JUnitXMLReporter -->
<testsuite ignored="0" hostname="DESKTOP-FRVIS0F" failures="1" tests="2" name="Login with valid " time="3.703" errors="0" timestamp="2024-08-30T18:36:20 IST">
  <testcase classname="test.DashboardTest" name="setlogin" time="3.507"/>
  <testcase classname="test.DashboardTest" name="sideNavTxtMatch" time="0.105">
    <failure type="java.lang.AssertionError" message="expected [Announcements] but found [Dashboard]">
      <![CDATA[java.lang.AssertionError: expected [Announcements] but found [Dashboard]
at test.DashboardTest.sideNavTxtMatch(DashboardTest.java:214)
at java.base/java.util.ArrayList.forEach(ArrayList.java:1596)
... Removed 31 stack frames]]>
    </failure>
  </testcase> <!-- sideNavTxtMatch -->
</testsuite> <!-- Login with valid  -->
