<?xml version="1.0" encoding="UTF-8"?>
<testng-results ignored="2" total="23" passed="20" failed="1" skipped="0">
  <reporter-output>
  </reporter-output>
  <suite started-at="2024-08-29T18:18:29 IST" name="Page Object test example" finished-at="2024-08-29T18:18:34 IST" duration-ms="4783">
    <groups>
    </groups>
    <test started-at="2024-08-29T18:18:29 IST" name="Login with valid " finished-at="2024-08-29T18:18:34 IST" duration-ms="4783">
      <class name="test.DashboardTest">
        <test-method is-config="true" signature="setup()[pri:0, instance:test.DashboardTest@3e58a80e]" started-at="2024-08-29T18:18:21 IST" name="setup" finished-at="2024-08-29T18:18:29 IST" duration-ms="8195" status="PASS">
          <reporter-output>
          </reporter-output>
        </test-method> <!-- setup -->
        <test-method is-config="true" signature="init()[pri:0, instance:test.DashboardTest@3e58a80e]" started-at="2024-08-29T18:18:29 IST" name="init" finished-at="2024-08-29T18:18:29 IST" duration-ms="1" status="PASS">
          <reporter-output>
          </reporter-output>
        </test-method> <!-- init -->
        <test-method signature="setlogin()[pri:0, instance:test.DashboardTest@3e58a80e]" started-at="2024-08-29T18:18:29 IST" name="setlogin" finished-at="2024-08-29T18:18:32 IST" duration-ms="3446" status="PASS">
          <reporter-output>
          </reporter-output>
        </test-method> <!-- setlogin -->
        <test-method is-config="true" signature="init()[pri:0, instance:test.DashboardTest@3e58a80e]" started-at="2024-08-29T18:18:32 IST" name="init" finished-at="2024-08-29T18:18:32 IST" duration-ms="2" status="PASS">
          <reporter-output>
          </reporter-output>
        </test-method> <!-- init -->
        <test-method signature="checkUrl()[pri:1, instance:test.DashboardTest@3e58a80e]" started-at="2024-08-29T18:18:32 IST" name="checkUrl" finished-at="2024-08-29T18:18:32 IST" duration-ms="33" status="PASS">
          <reporter-output>
          </reporter-output>
        </test-method> <!-- checkUrl -->
        <test-method is-config="true" signature="init()[pri:0, instance:test.DashboardTest@3e58a80e]" started-at="2024-08-29T18:18:32 IST" name="init" finished-at="2024-08-29T18:18:32 IST" duration-ms="1" status="PASS">
          <reporter-output>
          </reporter-output>
        </test-method> <!-- init -->
        <test-method signature="visiblelogo()[pri:2, instance:test.DashboardTest@3e58a80e]" started-at="2024-08-29T18:18:32 IST" name="visiblelogo" finished-at="2024-08-29T18:18:32 IST" duration-ms="50" status="PASS">
          <reporter-output>
          </reporter-output>
        </test-method> <!-- visiblelogo -->
        <test-method is-config="true" signature="init()[pri:0, instance:test.DashboardTest@3e58a80e]" started-at="2024-08-29T18:18:32 IST" name="init" finished-at="2024-08-29T18:18:32 IST" duration-ms="0" status="PASS">
          <reporter-output>
          </reporter-output>
        </test-method> <!-- init -->
        <test-method signature="clickONLogo()[pri:3, instance:test.DashboardTest@3e58a80e]" started-at="2024-08-29T18:18:32 IST" name="clickONLogo" finished-at="2024-08-29T18:18:33 IST" duration-ms="97" status="PASS">
          <reporter-output>
          </reporter-output>
        </test-method> <!-- clickONLogo -->
        <test-method is-config="true" signature="init()[pri:0, instance:test.DashboardTest@3e58a80e]" started-at="2024-08-29T18:18:33 IST" name="init" finished-at="2024-08-29T18:18:33 IST" duration-ms="0" status="PASS">
          <reporter-output>
          </reporter-output>
        </test-method> <!-- init -->
        <test-method signature="checkMenuVisible()[pri:4, instance:test.DashboardTest@3e58a80e]" started-at="2024-08-29T18:18:33 IST" name="checkMenuVisible" finished-at="2024-08-29T18:18:33 IST" duration-ms="81" status="PASS">
          <reporter-output>
          </reporter-output>
        </test-method> <!-- checkMenuVisible -->
        <test-method is-config="true" signature="init()[pri:0, instance:test.DashboardTest@3e58a80e]" started-at="2024-08-29T18:18:33 IST" name="init" finished-at="2024-08-29T18:18:33 IST" duration-ms="0" status="PASS">
          <reporter-output>
          </reporter-output>
        </test-method> <!-- init -->
        <test-method signature="checkkMenuEnable()[pri:5, instance:test.DashboardTest@3e58a80e]" started-at="2024-08-29T18:18:33 IST" name="checkkMenuEnable" finished-at="2024-08-29T18:18:33 IST" duration-ms="38" status="PASS">
          <reporter-output>
          </reporter-output>
        </test-method> <!-- checkkMenuEnable -->
        <test-method is-config="true" signature="init()[pri:0, instance:test.DashboardTest@3e58a80e]" started-at="2024-08-29T18:18:33 IST" name="init" finished-at="2024-08-29T18:18:33 IST" duration-ms="1" status="PASS">
          <reporter-output>
          </reporter-output>
        </test-method> <!-- init -->
        <test-method signature="clickOnMenu()[pri:6, instance:test.DashboardTest@3e58a80e]" started-at="2024-08-29T18:18:33 IST" name="clickOnMenu" finished-at="2024-08-29T18:18:33 IST" duration-ms="168" status="PASS">
          <reporter-output>
          </reporter-output>
        </test-method> <!-- clickOnMenu -->
        <test-method is-config="true" signature="init()[pri:0, instance:test.DashboardTest@3e58a80e]" started-at="2024-08-29T18:18:33 IST" name="init" finished-at="2024-08-29T18:18:33 IST" duration-ms="1" status="PASS">
          <reporter-output>
          </reporter-output>
        </test-method> <!-- init -->
        <test-method signature="categotyBoxVisible()[pri:7, instance:test.DashboardTest@3e58a80e]" started-at="2024-08-29T18:18:33 IST" name="categotyBoxVisible" finished-at="2024-08-29T18:18:33 IST" duration-ms="66" status="PASS">
          <reporter-output>
          </reporter-output>
        </test-method> <!-- categotyBoxVisible -->
        <test-method signature="categoryBoxEna()[pri:8, instance:test.DashboardTest@3e58a80e]" started-at="2024-08-29T18:18:33 IST" name="categoryBoxEna" finished-at="2024-08-29T18:18:33 IST" duration-ms="47" status="PASS">
          <reporter-output>
          </reporter-output>
        </test-method> <!-- categoryBoxEna -->
        <test-method is-config="true" signature="init()[pri:0, instance:test.DashboardTest@3e58a80e]" started-at="2024-08-29T18:18:33 IST" name="init" finished-at="2024-08-29T18:18:33 IST" duration-ms="0" status="PASS">
          <reporter-output>
          </reporter-output>
        </test-method> <!-- init -->
        <test-method is-config="true" signature="init()[pri:0, instance:test.DashboardTest@3e58a80e]" started-at="2024-08-29T18:18:33 IST" name="init" finished-at="2024-08-29T18:18:33 IST" duration-ms="0" status="PASS">
          <reporter-output>
          </reporter-output>
        </test-method> <!-- init -->
        <test-method signature="logoutImgVisible()[pri:9, instance:test.DashboardTest@3e58a80e]" started-at="2024-08-29T18:18:33 IST" name="logoutImgVisible" finished-at="2024-08-29T18:18:33 IST" duration-ms="163" status="PASS">
          <reporter-output>
          </reporter-output>
        </test-method> <!-- logoutImgVisible -->
        <test-method is-config="true" signature="init()[pri:0, instance:test.DashboardTest@3e58a80e]" started-at="2024-08-29T18:18:33 IST" name="init" finished-at="2024-08-29T18:18:33 IST" duration-ms="1" status="PASS">
          <reporter-output>
          </reporter-output>
        </test-method> <!-- init -->
        <test-method signature="logoutimgEnabled()[pri:10, instance:test.DashboardTest@3e58a80e]" started-at="2024-08-29T18:18:33 IST" name="logoutimgEnabled" finished-at="2024-08-29T18:18:33 IST" duration-ms="43" status="PASS">
          <reporter-output>
          </reporter-output>
        </test-method> <!-- logoutimgEnabled -->
        <test-method is-config="true" signature="init()[pri:0, instance:test.DashboardTest@3e58a80e]" started-at="2024-08-29T18:18:33 IST" name="init" finished-at="2024-08-29T18:18:33 IST" duration-ms="1" status="PASS">
          <reporter-output>
          </reporter-output>
        </test-method> <!-- init -->
        <test-method signature="annblogTxtinScreen()[pri:12, instance:test.DashboardTest@3e58a80e]" started-at="2024-08-29T18:18:33 IST" name="annblogTxtinScreen" finished-at="2024-08-29T18:18:33 IST" duration-ms="58" status="PASS">
          <reporter-output>
          </reporter-output>
        </test-method> <!-- annblogTxtinScreen -->
        <test-method signature="manblogTxtinScreen()[pri:13, instance:test.DashboardTest@3e58a80e]" started-at="2024-08-29T18:18:33 IST" name="manblogTxtinScreen" finished-at="2024-08-29T18:18:33 IST" duration-ms="31" status="PASS">
          <reporter-output>
          </reporter-output>
        </test-method> <!-- manblogTxtinScreen -->
        <test-method is-config="true" signature="init()[pri:0, instance:test.DashboardTest@3e58a80e]" started-at="2024-08-29T18:18:33 IST" name="init" finished-at="2024-08-29T18:18:33 IST" duration-ms="0" status="PASS">
          <reporter-output>
          </reporter-output>
        </test-method> <!-- init -->
        <test-method signature="faqbloginTxtScreen()[pri:14, instance:test.DashboardTest@3e58a80e]" started-at="2024-08-29T18:18:33 IST" name="faqbloginTxtScreen" finished-at="2024-08-29T18:18:33 IST" duration-ms="32" status="PASS">
          <reporter-output>
          </reporter-output>
        </test-method> <!-- faqbloginTxtScreen -->
        <test-method is-config="true" signature="init()[pri:0, instance:test.DashboardTest@3e58a80e]" started-at="2024-08-29T18:18:33 IST" name="init" finished-at="2024-08-29T18:18:33 IST" duration-ms="0" status="PASS">
          <reporter-output>
          </reporter-output>
        </test-method> <!-- init -->
        <test-method is-config="true" signature="init()[pri:0, instance:test.DashboardTest@3e58a80e]" started-at="2024-08-29T18:18:33 IST" name="init" finished-at="2024-08-29T18:18:33 IST" duration-ms="0" status="PASS">
          <reporter-output>
          </reporter-output>
        </test-method> <!-- init -->
        <test-method signature="rombloginTxtScreen()[pri:15, instance:test.DashboardTest@3e58a80e]" started-at="2024-08-29T18:18:33 IST" name="rombloginTxtScreen" finished-at="2024-08-29T18:18:33 IST" duration-ms="32" status="PASS">
          <reporter-output>
          </reporter-output>
        </test-method> <!-- rombloginTxtScreen -->
        <test-method is-config="true" signature="init()[pri:0, instance:test.DashboardTest@3e58a80e]" started-at="2024-08-29T18:18:33 IST" name="init" finished-at="2024-08-29T18:18:33 IST" duration-ms="0" status="PASS">
          <reporter-output>
          </reporter-output>
        </test-method> <!-- init -->
        <test-method signature="annImageMatch()[pri:16, instance:test.DashboardTest@3e58a80e]" started-at="2024-08-29T18:18:33 IST" name="annImageMatch" finished-at="2024-08-29T18:18:33 IST" duration-ms="34" status="PASS">
          <reporter-output>
          </reporter-output>
        </test-method> <!-- annImageMatch -->
        <test-method is-config="true" signature="init()[pri:0, instance:test.DashboardTest@3e58a80e]" started-at="2024-08-29T18:18:33 IST" name="init" finished-at="2024-08-29T18:18:33 IST" duration-ms="0" status="PASS">
          <reporter-output>
          </reporter-output>
        </test-method> <!-- init -->
        <test-method signature="romImageMatch()[pri:17, instance:test.DashboardTest@3e58a80e]" started-at="2024-08-29T18:18:33 IST" name="romImageMatch" finished-at="2024-08-29T18:18:33 IST" duration-ms="36" status="PASS">
          <reporter-output>
          </reporter-output>
        </test-method> <!-- romImageMatch -->
        <test-method is-config="true" signature="init()[pri:0, instance:test.DashboardTest@3e58a80e]" started-at="2024-08-29T18:18:33 IST" name="init" finished-at="2024-08-29T18:18:33 IST" duration-ms="0" status="PASS">
          <reporter-output>
          </reporter-output>
        </test-method> <!-- init -->
        <test-method signature="faqImageMatch()[pri:18, instance:test.DashboardTest@3e58a80e]" started-at="2024-08-29T18:18:33 IST" name="faqImageMatch" finished-at="2024-08-29T18:18:33 IST" duration-ms="30" status="PASS">
          <reporter-output>
          </reporter-output>
        </test-method> <!-- faqImageMatch -->
        <test-method is-config="true" signature="init()[pri:0, instance:test.DashboardTest@3e58a80e]" started-at="2024-08-29T18:18:33 IST" name="init" finished-at="2024-08-29T18:18:33 IST" duration-ms="0" status="PASS">
          <reporter-output>
          </reporter-output>
        </test-method> <!-- init -->
        <test-method signature="manImageMatch()[pri:19, instance:test.DashboardTest@3e58a80e]" started-at="2024-08-29T18:18:33 IST" name="manImageMatch" finished-at="2024-08-29T18:18:33 IST" duration-ms="33" status="PASS">
          <reporter-output>
          </reporter-output>
        </test-method> <!-- manImageMatch -->
        <test-method is-config="true" signature="init()[pri:0, instance:test.DashboardTest@3e58a80e]" started-at="2024-08-29T18:18:33 IST" name="init" finished-at="2024-08-29T18:18:33 IST" duration-ms="1" status="PASS">
          <reporter-output>
          </reporter-output>
        </test-method> <!-- init -->
        <test-method signature="checkLogoutImg()[pri:20, instance:test.DashboardTest@3e58a80e]" started-at="2024-08-29T18:18:33 IST" name="checkLogoutImg" finished-at="2024-08-29T18:18:34 IST" duration-ms="31" status="PASS">
          <reporter-output>
          </reporter-output>
        </test-method> <!-- checkLogoutImg -->
        <test-method is-config="true" signature="init()[pri:0, instance:test.DashboardTest@3e58a80e]" started-at="2024-08-29T18:18:34 IST" name="init" finished-at="2024-08-29T18:18:34 IST" duration-ms="0" status="PASS">
          <reporter-output>
          </reporter-output>
        </test-method> <!-- init -->
        <test-method signature="Logout()[pri:21, instance:test.DashboardTest@3e58a80e]" started-at="2024-08-29T18:18:34 IST" name="Logout" finished-at="2024-08-29T18:18:34 IST" duration-ms="124" status="FAIL">
          <exception class="org.openqa.selenium.ElementNotInteractableException">
            <message>
              <![CDATA[element not interactable
  (Session info: chrome=128.0.6613.85)
Build info: version: '4.23.1', revision: '656257d8e9'
System info: os.name: 'Windows 10', os.arch: 'amd64', os.version: '10.0', java.version: '21.0.2'
Driver info: org.openqa.selenium.chrome.ChromeDriver
Command: [00245dff31001fe9bf4c13fc17ac210c, clickElement {id=f.FFC31D5588EDBEE591177F58A1C5DCF9.d.971F070906F7D044ED2EEB2520BF5F42.e.876}]
Capabilities {acceptInsecureCerts: false, browserName: chrome, browserVersion: 128.0.6613.85, chrome: {chromedriverVersion: 128.0.6613.86 (3045ed680fda..., userDataDir: C:\Users\dell\AppData\Local...}, fedcm:accounts: true, goog:chromeOptions: {debuggerAddress: localhost:57569}, networkConnectionEnabled: false, pageLoadStrategy: normal, platformName: windows, proxy: Proxy(), se:cdp: ws://localhost:57569/devtoo..., se:cdpVersion: 128.0.6613.85, setWindowRect: true, strictFileInteractability: false, timeouts: {implicit: 0, pageLoad: 300000, script: 30000}, unhandledPromptBehavior: dismiss and notify, webauthn:extension:credBlob: true, webauthn:extension:largeBlob: true, webauthn:extension:minPinLength: true, webauthn:extension:prf: true, webauthn:virtualAuthenticators: true}
Element: [[ChromeDriver: chrome on windows (00245dff31001fe9bf4c13fc17ac210c)] -> xpath: //a[@class='dropdown-item notify-item p-2 bs-2']]
Session ID: 00245dff31001fe9bf4c13fc17ac210c]]>
            </message>
            <full-stacktrace>
              <![CDATA[org.openqa.selenium.ElementNotInteractableException: element not interactable
  (Session info: chrome=128.0.6613.85)
Build info: version: '4.23.1', revision: '656257d8e9'
System info: os.name: 'Windows 10', os.arch: 'amd64', os.version: '10.0', java.version: '21.0.2'
Driver info: org.openqa.selenium.chrome.ChromeDriver
Command: [00245dff31001fe9bf4c13fc17ac210c, clickElement {id=f.FFC31D5588EDBEE591177F58A1C5DCF9.d.971F070906F7D044ED2EEB2520BF5F42.e.876}]
Capabilities {acceptInsecureCerts: false, browserName: chrome, browserVersion: 128.0.6613.85, chrome: {chromedriverVersion: 128.0.6613.86 (3045ed680fda..., userDataDir: C:\Users\dell\AppData\Local...}, fedcm:accounts: true, goog:chromeOptions: {debuggerAddress: localhost:57569}, networkConnectionEnabled: false, pageLoadStrategy: normal, platformName: windows, proxy: Proxy(), se:cdp: ws://localhost:57569/devtoo..., se:cdpVersion: 128.0.6613.85, setWindowRect: true, strictFileInteractability: false, timeouts: {implicit: 0, pageLoad: 300000, script: 30000}, unhandledPromptBehavior: dismiss and notify, webauthn:extension:credBlob: true, webauthn:extension:largeBlob: true, webauthn:extension:minPinLength: true, webauthn:extension:prf: true, webauthn:virtualAuthenticators: true}
Element: [[ChromeDriver: chrome on windows (00245dff31001fe9bf4c13fc17ac210c)] -> xpath: //a[@class='dropdown-item notify-item p-2 bs-2']]
Session ID: 00245dff31001fe9bf4c13fc17ac210c
at java.base/jdk.internal.reflect.DirectConstructorHandleAccessor.newInstance(DirectConstructorHandleAccessor.java:62)
at java.base/java.lang.reflect.Constructor.newInstanceWithCaller(Constructor.java:502)
at java.base/java.lang.reflect.Constructor.newInstance(Constructor.java:486)
at org.openqa.selenium.remote.ErrorCodec.decode(ErrorCodec.java:167)
at org.openqa.selenium.remote.codec.w3c.W3CHttpResponseCodec.decode(W3CHttpResponseCodec.java:138)
at org.openqa.selenium.remote.codec.w3c.W3CHttpResponseCodec.decode(W3CHttpResponseCodec.java:50)
at org.openqa.selenium.remote.HttpCommandExecutor.execute(HttpCommandExecutor.java:190)
at org.openqa.selenium.remote.service.DriverCommandExecutor.invokeExecute(DriverCommandExecutor.java:216)
at org.openqa.selenium.remote.service.DriverCommandExecutor.execute(DriverCommandExecutor.java:174)
at org.openqa.selenium.remote.RemoteWebDriver.execute(RemoteWebDriver.java:545)
at org.openqa.selenium.remote.RemoteWebElement.execute(RemoteWebElement.java:223)
at org.openqa.selenium.remote.RemoteWebElement.click(RemoteWebElement.java:76)
at page.Dashboard.click(Dashboard.java:75)
at page.Dashboard.clickLogout(Dashboard.java:165)
at test.DashboardTest.Logout(DashboardTest.java:135)
at java.base/jdk.internal.reflect.DirectMethodHandleAccessor.invoke(DirectMethodHandleAccessor.java:103)
at java.base/java.lang.reflect.Method.invoke(Method.java:580)
at org.testng.internal.MethodInvocationHelper.invokeMethod(MethodInvocationHelper.java:133)
at org.testng.internal.TestInvoker.invokeMethod(TestInvoker.java:598)
at org.testng.internal.TestInvoker.invokeTestMethod(TestInvoker.java:173)
at org.testng.internal.MethodRunner.runInSequence(MethodRunner.java:46)
at org.testng.internal.TestInvoker$MethodInvocationAgent.invoke(TestInvoker.java:824)
at org.testng.internal.TestInvoker.invokeTestMethods(TestInvoker.java:146)
at org.testng.internal.TestMethodWorker.invokeTestMethods(TestMethodWorker.java:146)
at org.testng.internal.TestMethodWorker.run(TestMethodWorker.java:128)
at java.base/java.util.ArrayList.forEach(ArrayList.java:1596)
at org.testng.TestRunner.privateRun(TestRunner.java:794)
at org.testng.TestRunner.run(TestRunner.java:596)
at org.testng.SuiteRunner.runTest(SuiteRunner.java:377)
at org.testng.SuiteRunner.runSequentially(SuiteRunner.java:371)
at org.testng.SuiteRunner.privateRun(SuiteRunner.java:332)
at org.testng.SuiteRunner.run(SuiteRunner.java:276)
at org.testng.SuiteRunnerWorker.runSuite(SuiteRunnerWorker.java:53)
at org.testng.SuiteRunnerWorker.run(SuiteRunnerWorker.java:96)
at org.testng.TestNG.runSuitesSequentially(TestNG.java:1212)
at org.testng.TestNG.runSuitesLocally(TestNG.java:1134)
at org.testng.TestNG.runSuites(TestNG.java:1063)
at org.testng.TestNG.run(TestNG.java:1031)
at org.testng.remote.AbstractRemoteTestNG.run(AbstractRemoteTestNG.java:115)
at org.testng.remote.RemoteTestNG.initAndRun(RemoteTestNG.java:293)
at org.testng.remote.RemoteTestNG.main(RemoteTestNG.java:91)
]]>
            </full-stacktrace>
          </exception> <!-- org.openqa.selenium.ElementNotInteractableException -->
          <reporter-output>
          </reporter-output>
        </test-method> <!-- Logout -->
        <test-method is-config="true" signature="close()[pri:0, instance:test.DashboardTest@3e58a80e]" started-at="2024-08-29T18:18:34 IST" name="close" finished-at="2024-08-29T18:18:35 IST" duration-ms="1298" status="PASS">
          <reporter-output>
          </reporter-output>
        </test-method> <!-- close -->
      </class> <!-- test.DashboardTest -->
    </test> <!-- Login with valid  -->
  </suite> <!-- Page Object test example -->
</testng-results>
