<?xml version="1.0" encoding="UTF-8"?>
<testng-results ignored="0" total="25" passed="25" failed="0" skipped="0">
  <reporter-output>
  </reporter-output>
  <suite started-at="2024-08-27T15:56:51 IST" name="Page Object test example" finished-at="2024-08-27T15:57:09 IST" duration-ms="17968">
    <groups>
    </groups>
    <test started-at="2024-08-27T15:56:51 IST" name="Login with valid " finished-at="2024-08-27T15:57:09 IST" duration-ms="17968">
      <class name="test.TestCases">
        <test-method is-config="true" signature="setup()[pri:0, instance:test.TestCases@44ebcd03]" started-at="2024-08-27T15:56:43 IST" name="setup" finished-at="2024-08-27T15:56:51 IST" duration-ms="8430" status="PASS">
          <reporter-output>
          </reporter-output>
        </test-method> <!-- setup -->
        <test-method is-config="true" signature="initDriver()[pri:0, instance:test.TestCases@44ebcd03]" started-at="2024-08-27T15:56:51 IST" name="initDriver" finished-at="2024-08-27T15:56:51 IST" duration-ms="1" status="PASS">
          <reporter-output>
          </reporter-output>
        </test-method> <!-- initDriver -->
        <test-method signature="title()[pri:0, instance:test.TestCases@44ebcd03]" started-at="2024-08-27T15:56:51 IST" name="title" finished-at="2024-08-27T15:56:51 IST" duration-ms="20" status="PASS">
          <reporter-output>
          </reporter-output>
        </test-method> <!-- title -->
        <test-method is-config="true" signature="initDriver()[pri:0, instance:test.TestCases@44ebcd03]" started-at="2024-08-27T15:56:51 IST" name="initDriver" finished-at="2024-08-27T15:56:51 IST" duration-ms="0" status="PASS">
          <reporter-output>
          </reporter-output>
        </test-method> <!-- initDriver -->
        <test-method signature="userFieldVisible()[pri:1, instance:test.TestCases@44ebcd03]" started-at="2024-08-27T15:56:51 IST" name="userFieldVisible" finished-at="2024-08-27T15:56:51 IST" duration-ms="62" status="PASS">
          <reporter-output>
          </reporter-output>
        </test-method> <!-- userFieldVisible -->
        <test-method is-config="true" signature="initDriver()[pri:0, instance:test.TestCases@44ebcd03]" started-at="2024-08-27T15:56:51 IST" name="initDriver" finished-at="2024-08-27T15:56:51 IST" duration-ms="0" status="PASS">
          <reporter-output>
          </reporter-output>
        </test-method> <!-- initDriver -->
        <test-method signature="passField()[pri:2, instance:test.TestCases@44ebcd03]" started-at="2024-08-27T15:56:51 IST" name="passField" finished-at="2024-08-27T15:56:51 IST" duration-ms="43" status="PASS">
          <reporter-output>
          </reporter-output>
        </test-method> <!-- passField -->
        <test-method is-config="true" signature="initDriver()[pri:0, instance:test.TestCases@44ebcd03]" started-at="2024-08-27T15:56:51 IST" name="initDriver" finished-at="2024-08-27T15:56:51 IST" duration-ms="0" status="PASS">
          <reporter-output>
          </reporter-output>
        </test-method> <!-- initDriver -->
        <test-method signature="buttonVisible()[pri:3, instance:test.TestCases@44ebcd03]" started-at="2024-08-27T15:56:51 IST" name="buttonVisible" finished-at="2024-08-27T15:56:51 IST" duration-ms="35" status="PASS">
          <reporter-output>
          </reporter-output>
        </test-method> <!-- buttonVisible -->
        <test-method is-config="true" signature="initDriver()[pri:0, instance:test.TestCases@44ebcd03]" started-at="2024-08-27T15:56:51 IST" name="initDriver" finished-at="2024-08-27T15:56:51 IST" duration-ms="1" status="PASS">
          <reporter-output>
          </reporter-output>
        </test-method> <!-- initDriver -->
        <test-method signature="userFieldPlacholderText()[pri:4, instance:test.TestCases@44ebcd03]" started-at="2024-08-27T15:56:51 IST" name="userFieldPlacholderText" finished-at="2024-08-27T15:56:51 IST" duration-ms="27" status="PASS">
          <reporter-output>
          </reporter-output>
        </test-method> <!-- userFieldPlacholderText -->
        <test-method signature="passwordFieldPlaceholderText()[pri:5, instance:test.TestCases@44ebcd03]" started-at="2024-08-27T15:56:51 IST" name="passwordFieldPlaceholderText" finished-at="2024-08-27T15:56:51 IST" duration-ms="25" status="PASS">
          <reporter-output>
          </reporter-output>
        </test-method> <!-- passwordFieldPlaceholderText -->
        <test-method is-config="true" signature="initDriver()[pri:0, instance:test.TestCases@44ebcd03]" started-at="2024-08-27T15:56:51 IST" name="initDriver" finished-at="2024-08-27T15:56:51 IST" duration-ms="0" status="PASS">
          <reporter-output>
          </reporter-output>
        </test-method> <!-- initDriver -->
        <test-method is-config="true" signature="initDriver()[pri:0, instance:test.TestCases@44ebcd03]" started-at="2024-08-27T15:56:51 IST" name="initDriver" finished-at="2024-08-27T15:56:51 IST" duration-ms="1" status="PASS">
          <reporter-output>
          </reporter-output>
        </test-method> <!-- initDriver -->
        <test-method signature="userLabelText()[pri:6, instance:test.TestCases@44ebcd03]" started-at="2024-08-27T15:56:51 IST" name="userLabelText" finished-at="2024-08-27T15:56:51 IST" duration-ms="40" status="PASS">
          <reporter-output>
          </reporter-output>
        </test-method> <!-- userLabelText -->
        <test-method is-config="true" signature="initDriver()[pri:0, instance:test.TestCases@44ebcd03]" started-at="2024-08-27T15:56:51 IST" name="initDriver" finished-at="2024-08-27T15:56:51 IST" duration-ms="0" status="PASS">
          <reporter-output>
          </reporter-output>
        </test-method> <!-- initDriver -->
        <test-method signature="passwordLabelText()[pri:7, instance:test.TestCases@44ebcd03]" started-at="2024-08-27T15:56:51 IST" name="passwordLabelText" finished-at="2024-08-27T15:56:52 IST" duration-ms="28" status="PASS">
          <reporter-output>
          </reporter-output>
        </test-method> <!-- passwordLabelText -->
        <test-method is-config="true" signature="initDriver()[pri:0, instance:test.TestCases@44ebcd03]" started-at="2024-08-27T15:56:52 IST" name="initDriver" finished-at="2024-08-27T15:56:52 IST" duration-ms="1" status="PASS">
          <reporter-output>
          </reporter-output>
        </test-method> <!-- initDriver -->
        <test-method signature="forgotLinkVisible()[pri:8, instance:test.TestCases@44ebcd03]" started-at="2024-08-27T15:56:52 IST" name="forgotLinkVisible" finished-at="2024-08-27T15:56:52 IST" duration-ms="32" status="PASS">
          <reporter-output>
          </reporter-output>
        </test-method> <!-- forgotLinkVisible -->
        <test-method is-config="true" signature="initDriver()[pri:0, instance:test.TestCases@44ebcd03]" started-at="2024-08-27T15:56:52 IST" name="initDriver" finished-at="2024-08-27T15:56:52 IST" duration-ms="0" status="PASS">
          <reporter-output>
          </reporter-output>
        </test-method> <!-- initDriver -->
        <test-method signature="buttonTxt()[pri:9, instance:test.TestCases@44ebcd03]" started-at="2024-08-27T15:56:52 IST" name="buttonTxt" finished-at="2024-08-27T15:56:52 IST" duration-ms="32" status="PASS">
          <reporter-output>
          </reporter-output>
        </test-method> <!-- buttonTxt -->
        <test-method is-config="true" signature="initDriver()[pri:0, instance:test.TestCases@44ebcd03]" started-at="2024-08-27T15:56:52 IST" name="initDriver" finished-at="2024-08-27T15:56:52 IST" duration-ms="1" status="PASS">
          <reporter-output>
          </reporter-output>
        </test-method> <!-- initDriver -->
        <test-method signature="buttonEnabled()[pri:10, instance:test.TestCases@44ebcd03]" started-at="2024-08-27T15:56:52 IST" name="buttonEnabled" finished-at="2024-08-27T15:56:52 IST" duration-ms="31" status="PASS">
          <reporter-output>
          </reporter-output>
        </test-method> <!-- buttonEnabled -->
        <test-method is-config="true" signature="initDriver()[pri:0, instance:test.TestCases@44ebcd03]" started-at="2024-08-27T15:56:52 IST" name="initDriver" finished-at="2024-08-27T15:56:52 IST" duration-ms="1" status="PASS">
          <reporter-output>
          </reporter-output>
        </test-method> <!-- initDriver -->
        <test-method signature="buttonSelected()[pri:11, instance:test.TestCases@44ebcd03]" started-at="2024-08-27T15:56:52 IST" name="buttonSelected" finished-at="2024-08-27T15:56:52 IST" duration-ms="34" status="PASS">
          <reporter-output>
          </reporter-output>
        </test-method> <!-- buttonSelected -->
        <test-method signature="forgotLinkClickable()[pri:12, instance:test.TestCases@44ebcd03]" started-at="2024-08-27T15:56:52 IST" name="forgotLinkClickable" finished-at="2024-08-27T15:56:52 IST" duration-ms="31" status="PASS">
          <reporter-output>
          </reporter-output>
        </test-method> <!-- forgotLinkClickable -->
        <test-method is-config="true" signature="initDriver()[pri:0, instance:test.TestCases@44ebcd03]" started-at="2024-08-27T15:56:52 IST" name="initDriver" finished-at="2024-08-27T15:56:52 IST" duration-ms="0" status="PASS">
          <reporter-output>
          </reporter-output>
        </test-method> <!-- initDriver -->
        <test-method signature="loginWithInvalid()[pri:13, instance:test.TestCases@44ebcd03]" started-at="2024-08-27T15:56:52 IST" name="loginWithInvalid" finished-at="2024-08-27T15:56:54 IST" duration-ms="2505" status="PASS">
          <reporter-output>
          </reporter-output>
        </test-method> <!-- loginWithInvalid -->
        <test-method is-config="true" signature="initDriver()[pri:0, instance:test.TestCases@44ebcd03]" started-at="2024-08-27T15:56:52 IST" name="initDriver" finished-at="2024-08-27T15:56:52 IST" duration-ms="0" status="PASS">
          <reporter-output>
          </reporter-output>
        </test-method> <!-- initDriver -->
        <test-method is-config="true" signature="initDriver()[pri:0, instance:test.TestCases@44ebcd03]" started-at="2024-08-27T15:56:54 IST" name="initDriver" finished-at="2024-08-27T15:56:54 IST" duration-ms="1" status="PASS">
          <reporter-output>
          </reporter-output>
        </test-method> <!-- initDriver -->
        <test-method signature="loginWithBlankData()[pri:14, instance:test.TestCases@44ebcd03]" started-at="2024-08-27T15:56:54 IST" name="loginWithBlankData" finished-at="2024-08-27T15:56:57 IST" duration-ms="2503" status="PASS">
          <reporter-output>
          </reporter-output>
        </test-method> <!-- loginWithBlankData -->
        <test-method signature="checkPasswordInDottedForm()[pri:15, instance:test.TestCases@44ebcd03]" started-at="2024-08-27T15:56:57 IST" name="checkPasswordInDottedForm" finished-at="2024-08-27T15:56:57 IST" duration-ms="267" status="PASS">
          <reporter-output>
          </reporter-output>
        </test-method> <!-- checkPasswordInDottedForm -->
        <test-method is-config="true" signature="initDriver()[pri:0, instance:test.TestCases@44ebcd03]" started-at="2024-08-27T15:56:57 IST" name="initDriver" finished-at="2024-08-27T15:56:57 IST" duration-ms="0" status="PASS">
          <reporter-output>
          </reporter-output>
        </test-method> <!-- initDriver -->
        <test-method is-config="true" signature="initDriver()[pri:0, instance:test.TestCases@44ebcd03]" started-at="2024-08-27T15:56:57 IST" name="initDriver" finished-at="2024-08-27T15:56:57 IST" duration-ms="1" status="PASS">
          <reporter-output>
          </reporter-output>
        </test-method> <!-- initDriver -->
        <test-method signature="withoutDataEnter()[pri:16, instance:test.TestCases@44ebcd03]" started-at="2024-08-27T15:56:57 IST" name="withoutDataEnter" finished-at="2024-08-27T15:56:58 IST" duration-ms="1116" status="PASS">
          <reporter-output>
          </reporter-output>
        </test-method> <!-- withoutDataEnter -->
        <test-method is-config="true" signature="initDriver()[pri:0, instance:test.TestCases@44ebcd03]" started-at="2024-08-27T15:56:58 IST" name="initDriver" finished-at="2024-08-27T15:56:58 IST" duration-ms="2" status="PASS">
          <reporter-output>
          </reporter-output>
        </test-method> <!-- initDriver -->
        <test-method signature="userErrorNoDataClickLogin()[pri:17, instance:test.TestCases@44ebcd03]" started-at="2024-08-27T15:56:58 IST" name="userErrorNoDataClickLogin" finished-at="2024-08-27T15:56:58 IST" duration-ms="360" status="PASS">
          <reporter-output>
          </reporter-output>
        </test-method> <!-- userErrorNoDataClickLogin -->
        <test-method is-config="true" signature="initDriver()[pri:0, instance:test.TestCases@44ebcd03]" started-at="2024-08-27T15:56:58 IST" name="initDriver" finished-at="2024-08-27T15:56:58 IST" duration-ms="0" status="PASS">
          <reporter-output>
          </reporter-output>
        </test-method> <!-- initDriver -->
        <test-method signature="passErrroNoDataClickLogin()[pri:18, instance:test.TestCases@44ebcd03]" started-at="2024-08-27T15:56:58 IST" name="passErrroNoDataClickLogin" finished-at="2024-08-27T15:56:59 IST" duration-ms="389" status="PASS">
          <reporter-output>
          </reporter-output>
        </test-method> <!-- passErrroNoDataClickLogin -->
        <test-method is-config="true" signature="initDriver()[pri:0, instance:test.TestCases@44ebcd03]" started-at="2024-08-27T15:56:59 IST" name="initDriver" finished-at="2024-08-27T15:56:59 IST" duration-ms="1" status="PASS">
          <reporter-output>
          </reporter-output>
        </test-method> <!-- initDriver -->
        <test-method signature="clickOnLogoImage()[pri:19, instance:test.TestCases@44ebcd03]" started-at="2024-08-27T15:56:59 IST" name="clickOnLogoImage" finished-at="2024-08-27T15:56:59 IST" duration-ms="572" status="PASS">
          <reporter-output>
          </reporter-output>
        </test-method> <!-- clickOnLogoImage -->
        <test-method signature="refreshPage()[pri:20, instance:test.TestCases@44ebcd03]" started-at="2024-08-27T15:56:59 IST" name="refreshPage" finished-at="2024-08-27T15:57:00 IST" duration-ms="868" status="PASS">
          <reporter-output>
          </reporter-output>
        </test-method> <!-- refreshPage -->
        <test-method is-config="true" signature="initDriver()[pri:0, instance:test.TestCases@44ebcd03]" started-at="2024-08-27T15:56:59 IST" name="initDriver" finished-at="2024-08-27T15:56:59 IST" duration-ms="0" status="PASS">
          <reporter-output>
          </reporter-output>
        </test-method> <!-- initDriver -->
        <test-method is-config="true" signature="initDriver()[pri:0, instance:test.TestCases@44ebcd03]" started-at="2024-08-27T15:57:00 IST" name="initDriver" finished-at="2024-08-27T15:57:00 IST" duration-ms="1" status="PASS">
          <reporter-output>
          </reporter-output>
        </test-method> <!-- initDriver -->
        <test-method signature="clickOnForgotLink()[pri:21, instance:test.TestCases@44ebcd03]" started-at="2024-08-27T15:57:00 IST" name="clickOnForgotLink" finished-at="2024-08-27T15:57:02 IST" duration-ms="2181" status="PASS">
          <reporter-output>
          </reporter-output>
        </test-method> <!-- clickOnForgotLink -->
        <test-method is-config="true" signature="initDriver()[pri:0, instance:test.TestCases@44ebcd03]" started-at="2024-08-27T15:57:02 IST" name="initDriver" finished-at="2024-08-27T15:57:02 IST" duration-ms="0" status="PASS">
          <reporter-output>
          </reporter-output>
        </test-method> <!-- initDriver -->
        <test-method signature="errorRemoveEnterDataInField()[pri:22, instance:test.TestCases@44ebcd03]" started-at="2024-08-27T15:57:02 IST" name="errorRemoveEnterDataInField" finished-at="2024-08-27T15:57:03 IST" duration-ms="454" status="PASS">
          <reporter-output>
          </reporter-output>
        </test-method> <!-- errorRemoveEnterDataInField -->
        <test-method is-config="true" signature="initDriver()[pri:0, instance:test.TestCases@44ebcd03]" started-at="2024-08-27T15:57:03 IST" name="initDriver" finished-at="2024-08-27T15:57:03 IST" duration-ms="0" status="PASS">
          <reporter-output>
          </reporter-output>
        </test-method> <!-- initDriver -->
        <test-method signature="passDataEnterErrorRemove()[pri:23, instance:test.TestCases@44ebcd03]" started-at="2024-08-27T15:57:03 IST" name="passDataEnterErrorRemove" finished-at="2024-08-27T15:57:03 IST" duration-ms="551" status="PASS">
          <reporter-output>
          </reporter-output>
        </test-method> <!-- passDataEnterErrorRemove -->
        <test-method is-config="true" signature="initDriver()[pri:0, instance:test.TestCases@44ebcd03]" started-at="2024-08-27T15:57:03 IST" name="initDriver" finished-at="2024-08-27T15:57:03 IST" duration-ms="0" status="PASS">
          <reporter-output>
          </reporter-output>
        </test-method> <!-- initDriver -->
        <test-method signature="loginWithValid()[pri:25, instance:test.TestCases@44ebcd03]" started-at="2024-08-27T15:57:03 IST" name="loginWithValid" finished-at="2024-08-27T15:57:09 IST" duration-ms="5633" status="PASS">
          <reporter-output>
          </reporter-output>
        </test-method> <!-- loginWithValid -->
        <test-method is-config="true" signature="close()[pri:0, instance:test.TestCases@44ebcd03]" started-at="2024-08-27T15:57:09 IST" name="close" finished-at="2024-08-27T15:57:10 IST" duration-ms="347" status="PASS">
          <reporter-output>
          </reporter-output>
        </test-method> <!-- close -->
      </class> <!-- test.TestCases -->
    </test> <!-- Login with valid  -->
  </suite> <!-- Page Object test example -->
</testng-results>
